

Started GET "/" for 127.0.0.1 at 2015-05-13 12:43:19 +0200
Processing by Rails::WelcomeController#index as HTML
  Rendered vendor/bundle/gems/railties-4.2.0/lib/rails/templates/rails/welcome/index.html.erb (2.3ms)
Completed 200 OK in 65ms (Views: 43.9ms | ActiveRecord: 0.0ms)


Started GET "/static_pages" for 127.0.0.1 at 2015-05-13 12:43:41 +0200

ActionController::RoutingError (No route matches [GET] "/static_pages"):
  vendor/bundle/gems/web-console-2.0.0.beta3/lib/action_dispatch/debug_exceptions.rb:22:in `middleware_call'
  vendor/bundle/gems/web-console-2.0.0.beta3/lib/action_dispatch/debug_exceptions.rb:13:in `call'
  vendor/bundle/gems/actionpack-4.2.0/lib/action_dispatch/middleware/show_exceptions.rb:30:in `call'
  vendor/bundle/gems/railties-4.2.0/lib/rails/rack/logger.rb:38:in `call_app'
  vendor/bundle/gems/railties-4.2.0/lib/rails/rack/logger.rb:20:in `block in call'
  vendor/bundle/gems/activesupport-4.2.0/lib/active_support/tagged_logging.rb:68:in `block in tagged'
  vendor/bundle/gems/activesupport-4.2.0/lib/active_support/tagged_logging.rb:26:in `tagged'
  vendor/bundle/gems/activesupport-4.2.0/lib/active_support/tagged_logging.rb:68:in `tagged'
  vendor/bundle/gems/railties-4.2.0/lib/rails/rack/logger.rb:20:in `call'
  vendor/bundle/gems/actionpack-4.2.0/lib/action_dispatch/middleware/request_id.rb:21:in `call'
  vendor/bundle/gems/rack-1.6.1/lib/rack/methodoverride.rb:22:in `call'
  vendor/bundle/gems/rack-1.6.1/lib/rack/runtime.rb:18:in `call'
  vendor/bundle/gems/activesupport-4.2.0/lib/active_support/cache/strategy/local_cache_middleware.rb:28:in `call'
  vendor/bundle/gems/rack-1.6.1/lib/rack/lock.rb:17:in `call'
  vendor/bundle/gems/actionpack-4.2.0/lib/action_dispatch/middleware/static.rb:113:in `call'
  vendor/bundle/gems/rack-1.6.1/lib/rack/sendfile.rb:113:in `call'
  vendor/bundle/gems/railties-4.2.0/lib/rails/engine.rb:518:in `call'
  vendor/bundle/gems/railties-4.2.0/lib/rails/application.rb:164:in `call'
  vendor/bundle/gems/rack-1.6.1/lib/rack/lock.rb:17:in `call'
  vendor/bundle/gems/rack-1.6.1/lib/rack/content_length.rb:15:in `call'
  vendor/bundle/gems/rack-1.6.1/lib/rack/handler/webrick.rb:89:in `service'
  /usr/lib/ruby/2.1.0/webrick/httpserver.rb:138:in `service'
  /usr/lib/ruby/2.1.0/webrick/httpserver.rb:94:in `run'
  /usr/lib/ruby/2.1.0/webrick/server.rb:295:in `block in start_thread'


  Rendered vendor/bundle/gems/web-console-2.0.0.beta3/lib/action_dispatch/templates/rescues/_trace.html.erb (2.1ms)
  Rendered vendor/bundle/gems/web-console-2.0.0.beta3/lib/action_dispatch/templates/rescues/routing_error.html.erb within rescues/layout (134.9ms)


Started GET "/static_pages/home" for 127.0.0.1 at 2015-05-13 12:43:46 +0200
Processing by StaticPagesController#home as HTML
  Rendered static_pages/home.html.erb within layouts/application (0.5ms)
Completed 200 OK in 1179ms (Views: 1178.2ms | ActiveRecord: 0.0ms)


Started GET "/assets/static_pages.self-e3b0c44298fc1c149afbf4c8996fb92427ae41e4649b934ca495991b7852b855.css?body=1" for 127.0.0.1 at 2015-05-13 12:43:47 +0200


Started GET "/assets/application.self-e80e8f2318043e8af94dddc2adad5a4f09739a8ebb323b3ab31cd71d45fd9113.css?body=1" for 127.0.0.1 at 2015-05-13 12:43:48 +0200


Started GET "/assets/jquery.self-d03a5518f45df77341bdbe6201ba3bfa547ebba8ed64f0ea56bfa5f96ea7c074.js?body=1" for 127.0.0.1 at 2015-05-13 12:43:48 +0200


Started GET "/assets/jquery_ujs.self-8e98a7a072a6cee1372d19fff9ff3e6aa1e39a37d89d6f06861637d061113ee7.js?body=1" for 127.0.0.1 at 2015-05-13 12:43:48 +0200


Started GET "/assets/turbolinks.self-680e388bf7f759d85e2dbe0044d33f55e12b26da721317111c01ec92e53df55e.js?body=1" for 127.0.0.1 at 2015-05-13 12:43:48 +0200


Started GET "/assets/static_pages.self-877aef30ae1b040ab8a3aba4e3e309a11d7f2612f44dde450b5c157aa5f95c05.js?body=1" for 127.0.0.1 at 2015-05-13 12:43:48 +0200


Started GET "/assets/application.self-3a3c8b61bda630ee689740ce7cbd0dd8ea6fdd45e2c42eef4661ab38cf268afe.js?body=1" for 127.0.0.1 at 2015-05-13 12:43:48 +0200


Started GET "/static_pages/help" for 127.0.0.1 at 2015-05-13 12:45:54 +0200
Processing by StaticPagesController#help as HTML
  Rendered static_pages/help.html.erb within layouts/application (0.5ms)
Completed 200 OK in 824ms (Views: 821.5ms | ActiveRecord: 0.0ms)


Started GET "/static_pages/help" for 127.0.0.1 at 2015-05-13 16:24:53 +0200
Processing by StaticPagesController#help as HTML
  Rendered static_pages/help.html.erb (66.1ms)
Completed 200 OK in 316ms (Views: 223.0ms | ActiveRecord: 0.0ms)


Started GET "/static_pages/about" for 127.0.0.1 at 2015-05-13 16:25:12 +0200
Processing by StaticPagesController#about as HTML
  Rendered static_pages/about.html.erb (21.5ms)
Completed 200 OK in 31ms (Views: 29.1ms | ActiveRecord: 0.0ms)


Started GET "/static_pages/home" for 127.0.0.1 at 2015-05-13 16:25:18 +0200
Processing by StaticPagesController#home as HTML
  Rendered static_pages/home.html.erb (12.6ms)
Completed 200 OK in 34ms (Views: 26.6ms | ActiveRecord: 0.0ms)


Started GET "/" for 127.0.0.1 at 2015-05-13 18:45:35 +0200
Processing by StaticPagesController#home as HTML
  Rendered static_pages/home.html.erb within layouts/application (64.4ms)
Completed 200 OK in 2134ms (Views: 2098.0ms | ActiveRecord: 0.0ms)


Started GET "/" for 127.0.0.1 at 2015-05-18 11:38:06 +0200
Processing by StaticPagesController#home as HTML
  Rendered static_pages/home.html.erb within layouts/application (2.3ms)
Completed 200 OK in 613ms (Views: 584.1ms | ActiveRecord: 0.0ms)


Started GET "/assets/static_pages.self-e3b0c44298fc1c149afbf4c8996fb92427ae41e4649b934ca495991b7852b855.css?body=1" for 127.0.0.1 at 2015-05-18 11:38:07 +0200


Started GET "/assets/application.self-e80e8f2318043e8af94dddc2adad5a4f09739a8ebb323b3ab31cd71d45fd9113.css?body=1" for 127.0.0.1 at 2015-05-18 11:38:07 +0200


Started GET "/assets/jquery.self-d03a5518f45df77341bdbe6201ba3bfa547ebba8ed64f0ea56bfa5f96ea7c074.js?body=1" for 127.0.0.1 at 2015-05-18 11:38:07 +0200


Started GET "/assets/jquery_ujs.self-8e98a7a072a6cee1372d19fff9ff3e6aa1e39a37d89d6f06861637d061113ee7.js?body=1" for 127.0.0.1 at 2015-05-18 11:38:07 +0200


Started GET "/assets/turbolinks.self-680e388bf7f759d85e2dbe0044d33f55e12b26da721317111c01ec92e53df55e.js?body=1" for 127.0.0.1 at 2015-05-18 11:38:07 +0200


Started GET "/assets/static_pages.self-877aef30ae1b040ab8a3aba4e3e309a11d7f2612f44dde450b5c157aa5f95c05.js?body=1" for 127.0.0.1 at 2015-05-18 11:38:07 +0200


Started GET "/assets/application.self-3a3c8b61bda630ee689740ce7cbd0dd8ea6fdd45e2c42eef4661ab38cf268afe.js?body=1" for 127.0.0.1 at 2015-05-18 11:38:07 +0200


Started GET "/" for 127.0.0.1 at 2015-05-18 11:38:14 +0200
Processing by StaticPagesController#home as HTML
  Rendered static_pages/home.html.erb within layouts/application (0.4ms)
Completed 200 OK in 76ms (Views: 75.7ms | ActiveRecord: 0.0ms)


Started GET "/" for 127.0.0.1 at 2015-05-18 11:38:15 +0200
Processing by StaticPagesController#home as HTML
  Rendered static_pages/home.html.erb within layouts/application (0.0ms)
Completed 200 OK in 39ms (Views: 38.3ms | ActiveRecord: 0.0ms)


Started GET "/home" for 127.0.0.1 at 2015-05-18 11:38:19 +0200

ActionController::RoutingError (No route matches [GET] "/home"):
  vendor/bundle/gems/web-console-2.0.0.beta3/lib/action_dispatch/debug_exceptions.rb:22:in `middleware_call'
  vendor/bundle/gems/web-console-2.0.0.beta3/lib/action_dispatch/debug_exceptions.rb:13:in `call'
  vendor/bundle/gems/actionpack-4.2.0/lib/action_dispatch/middleware/show_exceptions.rb:30:in `call'
  vendor/bundle/gems/railties-4.2.0/lib/rails/rack/logger.rb:38:in `call_app'
  vendor/bundle/gems/railties-4.2.0/lib/rails/rack/logger.rb:20:in `block in call'
  vendor/bundle/gems/activesupport-4.2.0/lib/active_support/tagged_logging.rb:68:in `block in tagged'
  vendor/bundle/gems/activesupport-4.2.0/lib/active_support/tagged_logging.rb:26:in `tagged'
  vendor/bundle/gems/activesupport-4.2.0/lib/active_support/tagged_logging.rb:68:in `tagged'
  vendor/bundle/gems/railties-4.2.0/lib/rails/rack/logger.rb:20:in `call'
  vendor/bundle/gems/actionpack-4.2.0/lib/action_dispatch/middleware/request_id.rb:21:in `call'
  vendor/bundle/gems/rack-1.6.1/lib/rack/methodoverride.rb:22:in `call'
  vendor/bundle/gems/rack-1.6.1/lib/rack/runtime.rb:18:in `call'
  vendor/bundle/gems/activesupport-4.2.0/lib/active_support/cache/strategy/local_cache_middleware.rb:28:in `call'
  vendor/bundle/gems/rack-1.6.1/lib/rack/lock.rb:17:in `call'
  vendor/bundle/gems/actionpack-4.2.0/lib/action_dispatch/middleware/static.rb:113:in `call'
  vendor/bundle/gems/rack-1.6.1/lib/rack/sendfile.rb:113:in `call'
  vendor/bundle/gems/railties-4.2.0/lib/rails/engine.rb:518:in `call'
  vendor/bundle/gems/railties-4.2.0/lib/rails/application.rb:164:in `call'
  vendor/bundle/gems/rack-1.6.1/lib/rack/lock.rb:17:in `call'
  vendor/bundle/gems/rack-1.6.1/lib/rack/content_length.rb:15:in `call'
  vendor/bundle/gems/rack-1.6.1/lib/rack/handler/webrick.rb:89:in `service'
  /usr/lib/ruby/2.1.0/webrick/httpserver.rb:138:in `service'
  /usr/lib/ruby/2.1.0/webrick/httpserver.rb:94:in `run'
  /usr/lib/ruby/2.1.0/webrick/server.rb:295:in `block in start_thread'


  Rendered vendor/bundle/gems/web-console-2.0.0.beta3/lib/action_dispatch/templates/rescues/_trace.html.erb (2.3ms)
  Rendered vendor/bundle/gems/web-console-2.0.0.beta3/lib/action_dispatch/templates/rescues/routing_error.html.erb within rescues/layout (148.5ms)


Started GET "/static_pages/home" for 127.0.0.1 at 2015-05-18 11:38:27 +0200

ActionController::RoutingError (No route matches [GET] "/static_pages/home"):
  vendor/bundle/gems/web-console-2.0.0.beta3/lib/action_dispatch/debug_exceptions.rb:22:in `middleware_call'
  vendor/bundle/gems/web-console-2.0.0.beta3/lib/action_dispatch/debug_exceptions.rb:13:in `call'
  vendor/bundle/gems/actionpack-4.2.0/lib/action_dispatch/middleware/show_exceptions.rb:30:in `call'
  vendor/bundle/gems/railties-4.2.0/lib/rails/rack/logger.rb:38:in `call_app'
  vendor/bundle/gems/railties-4.2.0/lib/rails/rack/logger.rb:20:in `block in call'
  vendor/bundle/gems/activesupport-4.2.0/lib/active_support/tagged_logging.rb:68:in `block in tagged'
  vendor/bundle/gems/activesupport-4.2.0/lib/active_support/tagged_logging.rb:26:in `tagged'
  vendor/bundle/gems/activesupport-4.2.0/lib/active_support/tagged_logging.rb:68:in `tagged'
  vendor/bundle/gems/railties-4.2.0/lib/rails/rack/logger.rb:20:in `call'
  vendor/bundle/gems/actionpack-4.2.0/lib/action_dispatch/middleware/request_id.rb:21:in `call'
  vendor/bundle/gems/rack-1.6.1/lib/rack/methodoverride.rb:22:in `call'
  vendor/bundle/gems/rack-1.6.1/lib/rack/runtime.rb:18:in `call'
  vendor/bundle/gems/activesupport-4.2.0/lib/active_support/cache/strategy/local_cache_middleware.rb:28:in `call'
  vendor/bundle/gems/rack-1.6.1/lib/rack/lock.rb:17:in `call'
  vendor/bundle/gems/actionpack-4.2.0/lib/action_dispatch/middleware/static.rb:113:in `call'
  vendor/bundle/gems/rack-1.6.1/lib/rack/sendfile.rb:113:in `call'
  vendor/bundle/gems/railties-4.2.0/lib/rails/engine.rb:518:in `call'
  vendor/bundle/gems/railties-4.2.0/lib/rails/application.rb:164:in `call'
  vendor/bundle/gems/rack-1.6.1/lib/rack/lock.rb:17:in `call'
  vendor/bundle/gems/rack-1.6.1/lib/rack/content_length.rb:15:in `call'
  vendor/bundle/gems/rack-1.6.1/lib/rack/handler/webrick.rb:89:in `service'
  /usr/lib/ruby/2.1.0/webrick/httpserver.rb:138:in `service'
  /usr/lib/ruby/2.1.0/webrick/httpserver.rb:94:in `run'
  /usr/lib/ruby/2.1.0/webrick/server.rb:295:in `block in start_thread'


  Rendered vendor/bundle/gems/web-console-2.0.0.beta3/lib/action_dispatch/templates/rescues/_trace.html.erb (2.1ms)
  Rendered vendor/bundle/gems/web-console-2.0.0.beta3/lib/action_dispatch/templates/rescues/routing_error.html.erb within rescues/layout (17.5ms)


Started GET "/" for 127.0.0.1 at 2015-05-18 11:38:42 +0200
Processing by StaticPagesController#home as HTML
  Rendered static_pages/home.html.erb within layouts/application (0.2ms)
Completed 200 OK in 46ms (Views: 45.5ms | ActiveRecord: 0.0ms)


Started GET "/" for 127.0.0.1 at 2015-05-18 12:25:08 +0200
Processing by StaticPagesController#home as HTML
  Rendered static_pages/home.html.erb within layouts/application (139.8ms)
Completed 200 OK in 546ms (Views: 516.3ms | ActiveRecord: 0.0ms)


Started GET "/images/rails.png" for 127.0.0.1 at 2015-05-18 12:25:09 +0200

ActionController::RoutingError (No route matches [GET] "/images/rails.png"):
  vendor/bundle/gems/web-console-2.0.0.beta3/lib/action_dispatch/debug_exceptions.rb:22:in `middleware_call'
  vendor/bundle/gems/web-console-2.0.0.beta3/lib/action_dispatch/debug_exceptions.rb:13:in `call'
  vendor/bundle/gems/actionpack-4.2.0/lib/action_dispatch/middleware/show_exceptions.rb:30:in `call'
  vendor/bundle/gems/railties-4.2.0/lib/rails/rack/logger.rb:38:in `call_app'
  vendor/bundle/gems/railties-4.2.0/lib/rails/rack/logger.rb:20:in `block in call'
  vendor/bundle/gems/activesupport-4.2.0/lib/active_support/tagged_logging.rb:68:in `block in tagged'
  vendor/bundle/gems/activesupport-4.2.0/lib/active_support/tagged_logging.rb:26:in `tagged'
  vendor/bundle/gems/activesupport-4.2.0/lib/active_support/tagged_logging.rb:68:in `tagged'
  vendor/bundle/gems/railties-4.2.0/lib/rails/rack/logger.rb:20:in `call'
  vendor/bundle/gems/actionpack-4.2.0/lib/action_dispatch/middleware/request_id.rb:21:in `call'
  vendor/bundle/gems/rack-1.6.1/lib/rack/methodoverride.rb:22:in `call'
  vendor/bundle/gems/rack-1.6.1/lib/rack/runtime.rb:18:in `call'
  vendor/bundle/gems/activesupport-4.2.0/lib/active_support/cache/strategy/local_cache_middleware.rb:28:in `call'
  vendor/bundle/gems/rack-1.6.1/lib/rack/lock.rb:17:in `call'
  vendor/bundle/gems/actionpack-4.2.0/lib/action_dispatch/middleware/static.rb:113:in `call'
  vendor/bundle/gems/rack-1.6.1/lib/rack/sendfile.rb:113:in `call'
  vendor/bundle/gems/railties-4.2.0/lib/rails/engine.rb:518:in `call'
  vendor/bundle/gems/railties-4.2.0/lib/rails/application.rb:164:in `call'
  vendor/bundle/gems/rack-1.6.1/lib/rack/lock.rb:17:in `call'
  vendor/bundle/gems/rack-1.6.1/lib/rack/content_length.rb:15:in `call'
  vendor/bundle/gems/rack-1.6.1/lib/rack/handler/webrick.rb:89:in `service'
  /usr/lib/ruby/2.1.0/webrick/httpserver.rb:138:in `service'
  /usr/lib/ruby/2.1.0/webrick/httpserver.rb:94:in `run'
  /usr/lib/ruby/2.1.0/webrick/server.rb:295:in `block in start_thread'


  Rendered vendor/bundle/gems/web-console-2.0.0.beta3/lib/action_dispatch/templates/rescues/_trace.html.erb (2.1ms)
  Rendered vendor/bundle/gems/web-console-2.0.0.beta3/lib/action_dispatch/templates/rescues/routing_error.html.erb within rescues/layout (61.0ms)


Started GET "/" for 127.0.0.1 at 2015-05-18 21:28:30 +0200
Processing by StaticPagesController#home as HTML
  Rendered static_pages/home.html.erb within layouts/application (147.7ms)
  Rendered layouts/_shim.html.erb (0.5ms)
  Rendered layouts/_header.html.erb (0.7ms)
  Rendered layouts/_footer.html.erb (0.5ms)
Completed 200 OK in 4798ms (Views: 4768.6ms | ActiveRecord: 0.0ms)


Started GET "/assets/custom.self-a18030dcf7eab010dba8f1b416de3f229ed8c3b02c0e72fcd4cccd164bebb693.css?body=1" for 127.0.0.1 at 2015-05-18 21:28:35 +0200


Started GET "/assets/rails-c094bc3a4bf50e5bb477109e5cb0d213af27ad75b481c4df249f50974dbeefe6.png" for 127.0.0.1 at 2015-05-18 21:28:35 +0200


Started GET "/" for 127.0.0.1 at 2015-05-19 00:08:08 +0200
Processing by StaticPagesController#home as HTML
  Rendered static_pages/home.html.erb within layouts/application (164.9ms)
  Rendered layouts/_shim.html.erb (0.4ms)
  Rendered layouts/_header.html.erb (0.8ms)
  Rendered layouts/_footer.html.erb (0.6ms)
Completed 200 OK in 3301ms (Views: 3257.0ms | ActiveRecord: 0.0ms)


Started GET "/" for 127.0.0.1 at 2015-05-19 00:08:11 +0200
Processing by StaticPagesController#home as HTML
  Rendered static_pages/home.html.erb within layouts/application (1.9ms)
  Rendered layouts/_shim.html.erb (0.1ms)
  Rendered layouts/_header.html.erb (0.2ms)
  Rendered layouts/_footer.html.erb (0.1ms)
Completed 200 OK in 74ms (Views: 72.9ms | ActiveRecord: 0.0ms)


Started GET "/assets/custom.self-d868fb1a5f7e8f7d2672a2d69db82a3cbc02f85dfecf90a3fd7dd1b27cfee401.css?body=1" for 127.0.0.1 at 2015-05-19 00:08:12 +0200


Started GET "/" for 127.0.0.1 at 2015-05-19 00:08:19 +0200
Processing by StaticPagesController#home as HTML
  Rendered static_pages/home.html.erb within layouts/application (2.3ms)
  Rendered layouts/_shim.html.erb (0.4ms)
  Rendered layouts/_header.html.erb (0.7ms)
  Rendered layouts/_footer.html.erb (0.6ms)
Completed 200 OK in 75ms (Views: 74.5ms | ActiveRecord: 0.0ms)


Started GET "/" for 127.0.0.1 at 2015-05-19 00:08:20 +0200
Processing by StaticPagesController#home as HTML
  Rendered static_pages/home.html.erb within layouts/application (1.9ms)
  Rendered layouts/_shim.html.erb (0.1ms)
  Rendered layouts/_header.html.erb (0.2ms)
  Rendered layouts/_footer.html.erb (0.1ms)
Completed 200 OK in 93ms (Views: 92.0ms | ActiveRecord: 0.0ms)


Started GET "/" for 127.0.0.1 at 2015-05-19 00:08:21 +0200
Processing by StaticPagesController#home as HTML
  Rendered static_pages/home.html.erb within layouts/application (2.5ms)
  Rendered layouts/_shim.html.erb (0.1ms)
  Rendered layouts/_header.html.erb (0.2ms)
  Rendered layouts/_footer.html.erb (0.1ms)
Completed 200 OK in 89ms (Views: 88.4ms | ActiveRecord: 0.0ms)


Started GET "/contact" for 127.0.0.1 at 2015-05-19 00:08:27 +0200

ActionController::RoutingError (No route matches [GET] "/contact"):
  vendor/bundle/gems/web-console-2.0.0.beta3/lib/action_dispatch/debug_exceptions.rb:22:in `middleware_call'
  vendor/bundle/gems/web-console-2.0.0.beta3/lib/action_dispatch/debug_exceptions.rb:13:in `call'
  vendor/bundle/gems/actionpack-4.2.0/lib/action_dispatch/middleware/show_exceptions.rb:30:in `call'
  vendor/bundle/gems/railties-4.2.0/lib/rails/rack/logger.rb:38:in `call_app'
  vendor/bundle/gems/railties-4.2.0/lib/rails/rack/logger.rb:20:in `block in call'
  vendor/bundle/gems/activesupport-4.2.0/lib/active_support/tagged_logging.rb:68:in `block in tagged'
  vendor/bundle/gems/activesupport-4.2.0/lib/active_support/tagged_logging.rb:26:in `tagged'
  vendor/bundle/gems/activesupport-4.2.0/lib/active_support/tagged_logging.rb:68:in `tagged'
  vendor/bundle/gems/railties-4.2.0/lib/rails/rack/logger.rb:20:in `call'
  vendor/bundle/gems/actionpack-4.2.0/lib/action_dispatch/middleware/request_id.rb:21:in `call'
  vendor/bundle/gems/rack-1.6.1/lib/rack/methodoverride.rb:22:in `call'
  vendor/bundle/gems/rack-1.6.1/lib/rack/runtime.rb:18:in `call'
  vendor/bundle/gems/activesupport-4.2.0/lib/active_support/cache/strategy/local_cache_middleware.rb:28:in `call'
  vendor/bundle/gems/rack-1.6.1/lib/rack/lock.rb:17:in `call'
  vendor/bundle/gems/actionpack-4.2.0/lib/action_dispatch/middleware/static.rb:113:in `call'
  vendor/bundle/gems/rack-1.6.1/lib/rack/sendfile.rb:113:in `call'
  vendor/bundle/gems/railties-4.2.0/lib/rails/engine.rb:518:in `call'
  vendor/bundle/gems/railties-4.2.0/lib/rails/application.rb:164:in `call'
  vendor/bundle/gems/rack-1.6.1/lib/rack/lock.rb:17:in `call'
  vendor/bundle/gems/rack-1.6.1/lib/rack/content_length.rb:15:in `call'
  vendor/bundle/gems/rack-1.6.1/lib/rack/handler/webrick.rb:89:in `service'
  /usr/lib/ruby/2.1.0/webrick/httpserver.rb:138:in `service'
  /usr/lib/ruby/2.1.0/webrick/httpserver.rb:94:in `run'
  /usr/lib/ruby/2.1.0/webrick/server.rb:295:in `block in start_thread'


  Rendered vendor/bundle/gems/web-console-2.0.0.beta3/lib/action_dispatch/templates/rescues/_trace.html.erb (2.1ms)
  Rendered vendor/bundle/gems/web-console-2.0.0.beta3/lib/action_dispatch/templates/rescues/routing_error.html.erb within rescues/layout (138.6ms)


Started GET "/contact.html" for 127.0.0.1 at 2015-05-19 00:08:40 +0200

ActionController::RoutingError (No route matches [GET] "/contact.html"):
  vendor/bundle/gems/web-console-2.0.0.beta3/lib/action_dispatch/debug_exceptions.rb:22:in `middleware_call'
  vendor/bundle/gems/web-console-2.0.0.beta3/lib/action_dispatch/debug_exceptions.rb:13:in `call'
  vendor/bundle/gems/actionpack-4.2.0/lib/action_dispatch/middleware/show_exceptions.rb:30:in `call'
  vendor/bundle/gems/railties-4.2.0/lib/rails/rack/logger.rb:38:in `call_app'
  vendor/bundle/gems/railties-4.2.0/lib/rails/rack/logger.rb:20:in `block in call'
  vendor/bundle/gems/activesupport-4.2.0/lib/active_support/tagged_logging.rb:68:in `block in tagged'
  vendor/bundle/gems/activesupport-4.2.0/lib/active_support/tagged_logging.rb:26:in `tagged'
  vendor/bundle/gems/activesupport-4.2.0/lib/active_support/tagged_logging.rb:68:in `tagged'
  vendor/bundle/gems/railties-4.2.0/lib/rails/rack/logger.rb:20:in `call'
  vendor/bundle/gems/actionpack-4.2.0/lib/action_dispatch/middleware/request_id.rb:21:in `call'
  vendor/bundle/gems/rack-1.6.1/lib/rack/methodoverride.rb:22:in `call'
  vendor/bundle/gems/rack-1.6.1/lib/rack/runtime.rb:18:in `call'
  vendor/bundle/gems/activesupport-4.2.0/lib/active_support/cache/strategy/local_cache_middleware.rb:28:in `call'
  vendor/bundle/gems/rack-1.6.1/lib/rack/lock.rb:17:in `call'
  vendor/bundle/gems/actionpack-4.2.0/lib/action_dispatch/middleware/static.rb:113:in `call'
  vendor/bundle/gems/rack-1.6.1/lib/rack/sendfile.rb:113:in `call'
  vendor/bundle/gems/railties-4.2.0/lib/rails/engine.rb:518:in `call'
  vendor/bundle/gems/railties-4.2.0/lib/rails/application.rb:164:in `call'
  vendor/bundle/gems/rack-1.6.1/lib/rack/lock.rb:17:in `call'
  vendor/bundle/gems/rack-1.6.1/lib/rack/content_length.rb:15:in `call'
  vendor/bundle/gems/rack-1.6.1/lib/rack/handler/webrick.rb:89:in `service'
  /usr/lib/ruby/2.1.0/webrick/httpserver.rb:138:in `service'
  /usr/lib/ruby/2.1.0/webrick/httpserver.rb:94:in `run'
  /usr/lib/ruby/2.1.0/webrick/server.rb:295:in `block in start_thread'


  Rendered vendor/bundle/gems/web-console-2.0.0.beta3/lib/action_dispatch/templates/rescues/_trace.html.erb (2.2ms)
  Rendered vendor/bundle/gems/web-console-2.0.0.beta3/lib/action_dispatch/templates/rescues/routing_error.html.erb within rescues/layout (19.0ms)


Started GET "/static_pages/about.html" for 127.0.0.1 at 2015-05-19 00:09:02 +0200
Processing by StaticPagesController#about as HTML
  Rendered static_pages/about.html.erb within layouts/application (0.5ms)
  Rendered layouts/_shim.html.erb (0.1ms)
  Rendered layouts/_header.html.erb (0.2ms)
  Rendered layouts/_footer.html.erb (0.1ms)
Completed 200 OK in 141ms (Views: 139.4ms | ActiveRecord: 0.0ms)


Started GET "/static_pages/contact.html" for 127.0.0.1 at 2015-05-19 00:09:20 +0200

ActionController::RoutingError (No route matches [GET] "/static_pages/contact.html"):
  vendor/bundle/gems/web-console-2.0.0.beta3/lib/action_dispatch/debug_exceptions.rb:22:in `middleware_call'
  vendor/bundle/gems/web-console-2.0.0.beta3/lib/action_dispatch/debug_exceptions.rb:13:in `call'
  vendor/bundle/gems/actionpack-4.2.0/lib/action_dispatch/middleware/show_exceptions.rb:30:in `call'
  vendor/bundle/gems/railties-4.2.0/lib/rails/rack/logger.rb:38:in `call_app'
  vendor/bundle/gems/railties-4.2.0/lib/rails/rack/logger.rb:20:in `block in call'
  vendor/bundle/gems/activesupport-4.2.0/lib/active_support/tagged_logging.rb:68:in `block in tagged'
  vendor/bundle/gems/activesupport-4.2.0/lib/active_support/tagged_logging.rb:26:in `tagged'
  vendor/bundle/gems/activesupport-4.2.0/lib/active_support/tagged_logging.rb:68:in `tagged'
  vendor/bundle/gems/railties-4.2.0/lib/rails/rack/logger.rb:20:in `call'
  vendor/bundle/gems/actionpack-4.2.0/lib/action_dispatch/middleware/request_id.rb:21:in `call'
  vendor/bundle/gems/rack-1.6.1/lib/rack/methodoverride.rb:22:in `call'
  vendor/bundle/gems/rack-1.6.1/lib/rack/runtime.rb:18:in `call'
  vendor/bundle/gems/activesupport-4.2.0/lib/active_support/cache/strategy/local_cache_middleware.rb:28:in `call'
  vendor/bundle/gems/rack-1.6.1/lib/rack/lock.rb:17:in `call'
  vendor/bundle/gems/actionpack-4.2.0/lib/action_dispatch/middleware/static.rb:113:in `call'
  vendor/bundle/gems/rack-1.6.1/lib/rack/sendfile.rb:113:in `call'
  vendor/bundle/gems/railties-4.2.0/lib/rails/engine.rb:518:in `call'
  vendor/bundle/gems/railties-4.2.0/lib/rails/application.rb:164:in `call'
  vendor/bundle/gems/rack-1.6.1/lib/rack/lock.rb:17:in `call'
  vendor/bundle/gems/rack-1.6.1/lib/rack/content_length.rb:15:in `call'
  vendor/bundle/gems/rack-1.6.1/lib/rack/handler/webrick.rb:89:in `service'
  /usr/lib/ruby/2.1.0/webrick/httpserver.rb:138:in `service'
  /usr/lib/ruby/2.1.0/webrick/httpserver.rb:94:in `run'
  /usr/lib/ruby/2.1.0/webrick/server.rb:295:in `block in start_thread'


  Rendered vendor/bundle/gems/web-console-2.0.0.beta3/lib/action_dispatch/templates/rescues/_trace.html.erb (1.9ms)
  Rendered vendor/bundle/gems/web-console-2.0.0.beta3/lib/action_dispatch/templates/rescues/routing_error.html.erb within rescues/layout (16.7ms)


Started GET "/" for 127.0.0.1 at 2015-05-19 10:28:11 +0200
Processing by StaticPagesController#home as HTML
  Rendered static_pages/home.html.erb within layouts/application (229.4ms)
  Rendered layouts/_shim.html.erb (0.5ms)
  Rendered layouts/_header.html.erb (1.0ms)
  Rendered layouts/_footer.html.erb (0.6ms)
Completed 200 OK in 904ms (Views: 877.2ms | ActiveRecord: 0.0ms)


Started GET "/" for 127.0.0.1 at 2015-05-19 10:28:12 +0200
Processing by StaticPagesController#home as HTML
  Rendered static_pages/home.html.erb within layouts/application (2.7ms)
  Rendered layouts/_shim.html.erb (0.1ms)
  Rendered layouts/_header.html.erb (0.4ms)
  Rendered layouts/_footer.html.erb (0.2ms)
Completed 200 OK in 89ms (Views: 88.3ms | ActiveRecord: 0.0ms)


Started GET "/assets/custom.self-d868fb1a5f7e8f7d2672a2d69db82a3cbc02f85dfecf90a3fd7dd1b27cfee401.css?body=1" for 127.0.0.1 at 2015-05-19 10:28:13 +0200


Started GET "/" for 127.0.0.1 at 2015-05-19 10:28:20 +0200
Processing by StaticPagesController#home as HTML
  Rendered static_pages/home.html.erb within layouts/application (2.3ms)
  Rendered layouts/_shim.html.erb (0.4ms)
  Rendered layouts/_header.html.erb (0.8ms)
  Rendered layouts/_footer.html.erb (0.6ms)
Completed 200 OK in 75ms (Views: 74.5ms | ActiveRecord: 0.0ms)


Started GET "/" for 127.0.0.1 at 2015-05-19 10:28:22 +0200
Processing by StaticPagesController#home as HTML
  Rendered static_pages/home.html.erb within layouts/application (1.8ms)
  Rendered layouts/_shim.html.erb (0.1ms)
  Rendered layouts/_header.html.erb (0.4ms)
  Rendered layouts/_footer.html.erb (0.2ms)
Completed 200 OK in 73ms (Views: 72.4ms | ActiveRecord: 0.0ms)


Started GET "/about" for 127.0.0.1 at 2015-05-19 10:28:24 +0200
Processing by StaticPagesController#about as HTML
  Rendered static_pages/about.html.erb within layouts/application (0.5ms)
  Rendered layouts/_shim.html.erb (0.1ms)
  Rendered layouts/_header.html.erb (0.4ms)
  Rendered layouts/_footer.html.erb (0.2ms)
Completed 200 OK in 88ms (Views: 87.0ms | ActiveRecord: 0.0ms)


Started GET "/contact" for 127.0.0.1 at 2015-05-19 10:28:27 +0200
Processing by StaticPagesController#contact as HTML
  Rendered static_pages/contact.html.erb within layouts/application (0.5ms)
  Rendered layouts/_shim.html.erb (0.1ms)
  Rendered layouts/_header.html.erb (0.4ms)
  Rendered layouts/_footer.html.erb (0.2ms)
Completed 200 OK in 102ms (Views: 101.0ms | ActiveRecord: 0.0ms)


Started GET "/" for 127.0.0.1 at 2015-05-19 10:29:04 +0200
Processing by StaticPagesController#home as HTML
  Rendered static_pages/home.html.erb within layouts/application (2.1ms)
  Rendered layouts/_shim.html.erb (0.1ms)
  Rendered layouts/_header.html.erb (0.3ms)
  Rendered layouts/_footer.html.erb (0.2ms)
Completed 200 OK in 119ms (Views: 117.9ms | ActiveRecord: 0.0ms)


Started GET "/" for 127.0.0.1 at 2015-05-19 10:29:05 +0200
Processing by StaticPagesController#home as HTML
  Rendered static_pages/home.html.erb within layouts/application (2.0ms)
  Rendered layouts/_shim.html.erb (0.0ms)
  Rendered layouts/_header.html.erb (0.4ms)
  Rendered layouts/_footer.html.erb (0.2ms)
Completed 200 OK in 76ms (Views: 75.5ms | ActiveRecord: 0.0ms)


Started GET "/help" for 127.0.0.1 at 2015-05-19 10:29:07 +0200
Processing by StaticPagesController#help as HTML
  Rendered static_pages/help.html.erb within layouts/application (0.7ms)
  Rendered layouts/_shim.html.erb (0.1ms)
  Rendered layouts/_header.html.erb (0.4ms)
  Rendered layouts/_footer.html.erb (0.2ms)
Completed 200 OK in 118ms (Views: 116.8ms | ActiveRecord: 0.0ms)


Started GET "/help" for 127.0.0.1 at 2015-05-19 10:29:13 +0200
Processing by StaticPagesController#help as HTML
  Rendered static_pages/help.html.erb within layouts/application (0.1ms)
  Rendered layouts/_shim.html.erb (0.0ms)
  Rendered layouts/_header.html.erb (0.4ms)
  Rendered layouts/_footer.html.erb (0.2ms)
Completed 200 OK in 178ms (Views: 177.0ms | ActiveRecord: 0.0ms)


Started GET "/help" for 127.0.0.1 at 2015-05-19 10:29:14 +0200
Processing by StaticPagesController#help as HTML
  Rendered static_pages/help.html.erb within layouts/application (0.1ms)
  Rendered layouts/_shim.html.erb (0.0ms)
  Rendered layouts/_header.html.erb (0.4ms)
  Rendered layouts/_footer.html.erb (1.4ms)
Completed 200 OK in 95ms (Views: 94.1ms | ActiveRecord: 0.0ms)


Started GET "/help" for 127.0.0.1 at 2015-05-19 10:29:16 +0200
Processing by StaticPagesController#help as HTML
  Rendered static_pages/help.html.erb within layouts/application (0.1ms)
  Rendered layouts/_shim.html.erb (0.0ms)
  Rendered layouts/_header.html.erb (0.3ms)
  Rendered layouts/_footer.html.erb (0.2ms)
Completed 200 OK in 84ms (Views: 82.9ms | ActiveRecord: 0.0ms)


Started GET "/" for 127.0.0.1 at 2015-05-19 10:29:18 +0200
Processing by StaticPagesController#home as HTML
  Rendered static_pages/home.html.erb within layouts/application (2.4ms)
  Rendered layouts/_shim.html.erb (0.0ms)
  Rendered layouts/_header.html.erb (0.3ms)
  Rendered layouts/_footer.html.erb (0.2ms)
Completed 200 OK in 83ms (Views: 82.3ms | ActiveRecord: 0.0ms)


Started GET "/" for 127.0.0.1 at 2015-05-19 10:29:44 +0200
Processing by StaticPagesController#home as HTML
  Rendered static_pages/home.html.erb within layouts/application (2.7ms)
  Rendered layouts/_shim.html.erb (0.1ms)
  Rendered layouts/_header.html.erb (0.5ms)
  Rendered layouts/_footer.html.erb (0.3ms)
Completed 200 OK in 196ms (Views: 195.8ms | ActiveRecord: 0.0ms)
  [1m[36m (138.8ms)[0m  [1mCREATE TABLE "schema_migrations" ("version" varchar NOT NULL) [0m
  [1m[35m (0.2ms)[0m  select sqlite_version(*)
  [1m[36m (140.2ms)[0m  [1mCREATE UNIQUE INDEX "unique_schema_migrations" ON "schema_migrations" ("version")[0m
  [1m[35mActiveRecord::SchemaMigration Load (0.2ms)[0m  SELECT "schema_migrations".* FROM "schema_migrations"
Migrating to CreateUsers (20150520084154)
  [1m[36m (0.1ms)[0m  [1mbegin transaction[0m
  [1m[35m (0.6ms)[0m  CREATE TABLE "users" ("id" INTEGER PRIMARY KEY AUTOINCREMENT NOT NULL, "name" varchar, "email" varchar, "created_at" datetime NOT NULL, "updated_at" datetime NOT NULL) 
  [1m[36mSQL (0.3ms)[0m  [1mINSERT INTO "schema_migrations" ("version") VALUES (?)[0m  [["version", "20150520084154"]]
  [1m[35m (116.2ms)[0m  commit transaction
  [1m[36mActiveRecord::SchemaMigration Load (0.2ms)[0m  [1mSELECT "schema_migrations".* FROM "schema_migrations"[0m
  [1m[36m (53.0ms)[0m  [1mbegin transaction[0m
  [1m[35m (0.1ms)[0m  SAVEPOINT active_record_1
  [1m[36mSQL (0.6ms)[0m  [1mINSERT INTO "users" ("name", "email", "created_at", "updated_at") VALUES (?, ?, ?, ?)[0m  [["name", "Michael Hartl"], ["email", "mharthl@fef.com"], ["created_at", "2015-05-20 10:02:25.428590"], ["updated_at", "2015-05-20 10:02:25.428590"]]
  [1m[35m (0.1ms)[0m  RELEASE SAVEPOINT active_record_1
  [1m[36m (0.4ms)[0m  [1mrollback transaction[0m
  [1m[36mActiveRecord::SchemaMigration Load (0.1ms)[0m  [1mSELECT "schema_migrations".* FROM "schema_migrations"[0m
Migrating to AddIndexToUsersEmail (20150520134142)
  [1m[35m (0.1ms)[0m  begin transaction
  [1m[36m (0.1ms)[0m  [1mselect sqlite_version(*)[0m
  [1m[35m (0.3ms)[0m  CREATE UNIQUE INDEX "index_users_on_email" ON "users" ("email")
  [1m[36mSQL (0.3ms)[0m  [1mINSERT INTO "schema_migrations" ("version") VALUES (?)[0m  [["version", "20150520134142"]]
  [1m[35m (109.2ms)[0m  commit transaction
  [1m[36mActiveRecord::SchemaMigration Load (0.2ms)[0m  [1mSELECT "schema_migrations".* FROM "schema_migrations"[0m
  [1m[35m (0.2ms)[0m              SELECT sql
            FROM sqlite_master
            WHERE name='index_users_on_email' AND type='index'
            UNION ALL
            SELECT sql
            FROM sqlite_temp_master
            WHERE name='index_users_on_email' AND type='index'

  [1m[36mActiveRecord::SchemaMigration Load (0.1ms)[0m  [1mSELECT "schema_migrations".* FROM "schema_migrations"[0m
Migrating to AddPasswordDigestToUsers (20150521054814)
  [1m[35m (0.1ms)[0m  begin transaction
  [1m[36m (0.4ms)[0m  [1mALTER TABLE "users" ADD "password_digest" varchar[0m
  [1m[35mSQL (19.5ms)[0m  INSERT INTO "schema_migrations" ("version") VALUES (?)  [["version", "20150521054814"]]
  [1m[36m (330.9ms)[0m  [1mcommit transaction[0m
  [1m[35mActiveRecord::SchemaMigration Load (0.2ms)[0m  SELECT "schema_migrations".* FROM "schema_migrations"
  [1m[36m (0.2ms)[0m  [1m            SELECT sql
            FROM sqlite_master
            WHERE name='index_users_on_email' AND type='index'
            UNION ALL
            SELECT sql
            FROM sqlite_temp_master
            WHERE name='index_users_on_email' AND type='index'
[0m


Started GET "/" for 127.0.0.1 at 2015-05-21 10:35:20 +0200
  [1m[36mActiveRecord::SchemaMigration Load (0.2ms)[0m  [1mSELECT "schema_migrations".* FROM "schema_migrations"[0m
Processing by StaticPagesController#home as HTML
  Rendered static_pages/home.html.erb within layouts/application (191.2ms)
  Rendered layouts/_shim.html.erb (0.5ms)
  Rendered layouts/_header.html.erb (1.0ms)
  Rendered layouts/_footer.html.erb (0.6ms)
Completed 200 OK in 1307ms (Views: 1278.6ms | ActiveRecord: 0.0ms)


Started GET "/" for 127.0.0.1 at 2015-05-21 10:35:23 +0200
Processing by StaticPagesController#home as HTML
  Rendered static_pages/home.html.erb within layouts/application (2.6ms)
  Rendered layouts/_shim.html.erb (0.1ms)
  Rendered layouts/_header.html.erb (0.4ms)
  Rendered layouts/_footer.html.erb (0.2ms)
Completed 200 OK in 85ms (Views: 84.8ms | ActiveRecord: 0.0ms)


Started GET "/assets/custom.self-d868fb1a5f7e8f7d2672a2d69db82a3cbc02f85dfecf90a3fd7dd1b27cfee401.css?body=1" for 127.0.0.1 at 2015-05-21 10:35:23 +0200


Started GET "/assets/static_pages.self-e3b0c44298fc1c149afbf4c8996fb92427ae41e4649b934ca495991b7852b855.css?body=1" for 127.0.0.1 at 2015-05-21 10:35:23 +0200


Started GET "/assets/users.self-e3b0c44298fc1c149afbf4c8996fb92427ae41e4649b934ca495991b7852b855.css?body=1" for 127.0.0.1 at 2015-05-21 10:35:23 +0200


Started GET "/assets/application.self-e80e8f2318043e8af94dddc2adad5a4f09739a8ebb323b3ab31cd71d45fd9113.css?body=1" for 127.0.0.1 at 2015-05-21 10:35:23 +0200


Started GET "/assets/jquery.self-d03a5518f45df77341bdbe6201ba3bfa547ebba8ed64f0ea56bfa5f96ea7c074.js?body=1" for 127.0.0.1 at 2015-05-21 10:35:23 +0200


Started GET "/assets/jquery_ujs.self-8e98a7a072a6cee1372d19fff9ff3e6aa1e39a37d89d6f06861637d061113ee7.js?body=1" for 127.0.0.1 at 2015-05-21 10:35:23 +0200


Started GET "/assets/turbolinks.self-680e388bf7f759d85e2dbe0044d33f55e12b26da721317111c01ec92e53df55e.js?body=1" for 127.0.0.1 at 2015-05-21 10:35:23 +0200


Started GET "/assets/static_pages.self-877aef30ae1b040ab8a3aba4e3e309a11d7f2612f44dde450b5c157aa5f95c05.js?body=1" for 127.0.0.1 at 2015-05-21 10:35:23 +0200


Started GET "/assets/users.self-877aef30ae1b040ab8a3aba4e3e309a11d7f2612f44dde450b5c157aa5f95c05.js?body=1" for 127.0.0.1 at 2015-05-21 10:35:23 +0200


Started GET "/assets/application.self-3a3c8b61bda630ee689740ce7cbd0dd8ea6fdd45e2c42eef4661ab38cf268afe.js?body=1" for 127.0.0.1 at 2015-05-21 10:35:23 +0200


Started GET "/assets/rails-c094bc3a4bf50e5bb477109e5cb0d213af27ad75b481c4df249f50974dbeefe6.png" for 127.0.0.1 at 2015-05-21 10:35:23 +0200


Started GET "/signup" for 127.0.0.1 at 2015-05-21 10:35:25 +0200
Processing by UsersController#new as HTML
  Rendered users/new.html.erb within layouts/application (0.5ms)
  Rendered layouts/_shim.html.erb (0.4ms)
  Rendered layouts/_header.html.erb (0.9ms)
  Rendered layouts/_footer.html.erb (0.6ms)
Completed 200 OK in 96ms (Views: 95.2ms | ActiveRecord: 0.0ms)
  [1m[36m (0.1ms)[0m  [1mbegin transaction[0m
  [1m[35mUser Exists (0.2ms)[0m  SELECT  1 AS one FROM "users" WHERE LOWER("users"."email") = LOWER('mhartl@exmple.com') LIMIT 1
  [1m[36mSQL (1.0ms)[0m  [1mINSERT INTO "users" ("name", "email", "password_digest", "created_at", "updated_at") VALUES (?, ?, ?, ?, ?)[0m  [["name", "Michael Hartl"], ["email", "mhartl@exmple.com"], ["password_digest", "$2a$10$0G6fCNmEvENvIFhasKlF8ebJggKiszCugK32/hLBtss7YinnOMCzu"], ["created_at", "2015-05-21 08:38:15.354272"], ["updated_at", "2015-05-21 08:38:15.354272"]]
  [1m[35m (146.8ms)[0m  commit transaction
  [1m[36mUser Load (0.4ms)[0m  [1mSELECT  "users".* FROM "users"  ORDER BY "users"."id" ASC LIMIT 1[0m
  [1m[35mUser Load (0.3ms)[0m  SELECT  "users".* FROM "users"  ORDER BY "users"."id" ASC LIMIT 1


Started GET "/" for 127.0.0.1 at 2015-05-21 16:32:02 +0200
  [1m[36mActiveRecord::SchemaMigration Load (0.2ms)[0m  [1mSELECT "schema_migrations".* FROM "schema_migrations"[0m
Processing by StaticPagesController#home as HTML
  Rendered static_pages/home.html.erb within layouts/application (175.2ms)
Completed 500 Internal Server Error in 1369ms

Sass::SyntaxError (Invalid CSS after "}": expected "}", was ""):
  app/assets/stylesheets/custom.css.scss:113
  app/views/layouts/application.html.erb:5:in `_app_views_layouts_application_html_erb__2733837337699073546_15143580'


  Rendered vendor/bundle/gems/web-console-2.0.0.beta3/lib/action_dispatch/templates/rescues/_source.erb (14.4ms)
  Rendered vendor/bundle/gems/web-console-2.0.0.beta3/lib/action_dispatch/templates/rescues/_trace.html.erb (5.6ms)
  Rendered vendor/bundle/gems/web-console-2.0.0.beta3/lib/action_dispatch/templates/rescues/_request_and_response.html.erb (1.4ms)
  Rendered vendor/bundle/gems/web-console-2.0.0.beta3/lib/action_dispatch/templates/rescues/_web_console.html.erb (1.3ms)
  Rendered vendor/bundle/gems/web-console-2.0.0.beta3/lib/action_dispatch/templates/rescues/diagnostics.html.erb within rescues/layout (50.2ms)


Started GET "/" for 127.0.0.1 at 2015-05-21 16:32:05 +0200
Processing by StaticPagesController#home as HTML
  Rendered static_pages/home.html.erb within layouts/application (2.2ms)
Completed 500 Internal Server Error in 32ms

Sass::SyntaxError (Invalid CSS after "}": expected "}", was ""):
  app/assets/stylesheets/custom.css.scss:113
  app/views/layouts/application.html.erb:5:in `_app_views_layouts_application_html_erb__2733837337699073546_15143580'


  Rendered vendor/bundle/gems/web-console-2.0.0.beta3/lib/action_dispatch/templates/rescues/_source.erb (22.1ms)
  Rendered vendor/bundle/gems/web-console-2.0.0.beta3/lib/action_dispatch/templates/rescues/_trace.html.erb (13.7ms)
  Rendered vendor/bundle/gems/web-console-2.0.0.beta3/lib/action_dispatch/templates/rescues/_request_and_response.html.erb (1.2ms)
  Rendered vendor/bundle/gems/web-console-2.0.0.beta3/lib/action_dispatch/templates/rescues/_web_console.html.erb (1.1ms)
  Rendered vendor/bundle/gems/web-console-2.0.0.beta3/lib/action_dispatch/templates/rescues/diagnostics.html.erb within rescues/layout (63.4ms)


Started GET "/" for 127.0.0.1 at 2015-05-21 16:32:51 +0200
Processing by StaticPagesController#home as HTML
  Rendered static_pages/home.html.erb within layouts/application (10.2ms)
  Rendered layouts/_shim.html.erb (0.5ms)
  Rendered layouts/_header.html.erb (1.0ms)
  Rendered layouts/_footer.html.erb (0.7ms)
Completed 200 OK in 2519ms (Views: 2518.3ms | ActiveRecord: 0.0ms)


Started GET "/assets/custom.self-bff6eb4550dd591096b1562cc9b4aa17dfce39055c76544de361fb3aeea0ce73.css?body=1" for 127.0.0.1 at 2015-05-21 16:32:53 +0200


Started GET "/assets/static_pages.self-e3b0c44298fc1c149afbf4c8996fb92427ae41e4649b934ca495991b7852b855.css?body=1" for 127.0.0.1 at 2015-05-21 16:32:53 +0200


Started GET "/assets/users.self-e3b0c44298fc1c149afbf4c8996fb92427ae41e4649b934ca495991b7852b855.css?body=1" for 127.0.0.1 at 2015-05-21 16:32:53 +0200


Started GET "/assets/jquery.self-d03a5518f45df77341bdbe6201ba3bfa547ebba8ed64f0ea56bfa5f96ea7c074.js?body=1" for 127.0.0.1 at 2015-05-21 16:32:53 +0200


Started GET "/assets/jquery_ujs.self-8e98a7a072a6cee1372d19fff9ff3e6aa1e39a37d89d6f06861637d061113ee7.js?body=1" for 127.0.0.1 at 2015-05-21 16:32:53 +0200


Started GET "/assets/turbolinks.self-680e388bf7f759d85e2dbe0044d33f55e12b26da721317111c01ec92e53df55e.js?body=1" for 127.0.0.1 at 2015-05-21 16:32:53 +0200


Started GET "/assets/static_pages.self-877aef30ae1b040ab8a3aba4e3e309a11d7f2612f44dde450b5c157aa5f95c05.js?body=1" for 127.0.0.1 at 2015-05-21 16:32:53 +0200


Started GET "/assets/application.self-e80e8f2318043e8af94dddc2adad5a4f09739a8ebb323b3ab31cd71d45fd9113.css?body=1" for 127.0.0.1 at 2015-05-21 16:32:53 +0200


Started GET "/assets/users.self-877aef30ae1b040ab8a3aba4e3e309a11d7f2612f44dde450b5c157aa5f95c05.js?body=1" for 127.0.0.1 at 2015-05-21 16:32:53 +0200


Started GET "/assets/application.self-3a3c8b61bda630ee689740ce7cbd0dd8ea6fdd45e2c42eef4661ab38cf268afe.js?body=1" for 127.0.0.1 at 2015-05-21 16:32:53 +0200


Started GET "/assets/rails-c094bc3a4bf50e5bb477109e5cb0d213af27ad75b481c4df249f50974dbeefe6.png" for 127.0.0.1 at 2015-05-21 16:32:53 +0200
  [1m[36m (0.2ms)[0m  [1mSELECT COUNT(*) FROM "users"[0m
  [1m[35mUser Load (0.2ms)[0m  SELECT  "users".* FROM "users"  ORDER BY "users"."id" ASC LIMIT 1
  [1m[36m (16.4ms)[0m  [1mbegin transaction[0m
  [1m[35m (0.1ms)[0m  SAVEPOINT active_record_1
  [1m[36mUser Exists (0.2ms)[0m  [1mSELECT  1 AS one FROM "users" WHERE LOWER("users"."email") = LOWER('jakis@gm.com') LIMIT 1[0m
  [1m[35mSQL (0.4ms)[0m  INSERT INTO "users" ("name", "email", "password_digest", "created_at", "updated_at") VALUES (?, ?, ?, ?, ?)  [["name", "ktos"], ["email", "jakis@gm.com"], ["password_digest", "$2a$10$6YucE0aE9DQt065e9QEM.ObzxULCQn5ruSZUTrwqrQPXmOScvoTSe"], ["created_at", "2015-05-21 20:36:23.011458"], ["updated_at", "2015-05-21 20:36:23.011458"]]
  [1m[36m (0.1ms)[0m  [1mRELEASE SAVEPOINT active_record_1[0m
  [1m[35m (0.3ms)[0m  rollback transaction


Started GET "/" for 127.0.0.1 at 2015-05-21 23:10:49 +0200
  [1m[36mActiveRecord::SchemaMigration Load (0.2ms)[0m  [1mSELECT "schema_migrations".* FROM "schema_migrations"[0m
Processing by StaticPagesController#home as HTML
  Rendered static_pages/home.html.erb within layouts/application (164.4ms)
  Rendered layouts/_shim.html.erb (0.4ms)
  Rendered layouts/_header.html.erb (1.1ms)
  Rendered layouts/_footer.html.erb (0.7ms)
Completed 200 OK in 720ms (Views: 692.2ms | ActiveRecord: 0.0ms)


Started GET "/assets/custom.self-bff6eb4550dd591096b1562cc9b4aa17dfce39055c76544de361fb3aeea0ce73.css?body=1" for 127.0.0.1 at 2015-05-21 23:10:50 +0200


Started GET "/users/1" for 127.0.0.1 at 2015-05-21 23:10:55 +0200
Processing by UsersController#show as HTML
  Parameters: {"id"=>"1"}
  [1m[35mUser Load (0.3ms)[0m  SELECT  "users".* FROM "users" WHERE "users"."id" = ? LIMIT 1  [["id", 1]]
  Rendered users/show.html.erb within layouts/application (0.6ms)
  Rendered layouts/_shim.html.erb (0.1ms)
  Rendered layouts/_header.html.erb (0.5ms)
  Rendered layouts/_footer.html.erb (0.2ms)
Completed 200 OK in 427ms (Views: 188.9ms | ActiveRecord: 0.8ms)


Started GET "/" for 127.0.0.1 at 2015-05-21 23:21:55 +0200
Processing by StaticPagesController#home as HTML
  Rendered static_pages/home.html.erb within layouts/application (78.7ms)
  Rendered layouts/_shim.html.erb (0.1ms)
  Rendered layouts/_header.html.erb (0.3ms)
  Rendered layouts/_footer.html.erb (0.2ms)
Completed 200 OK in 542ms (Views: 509.2ms | ActiveRecord: 0.0ms)


Started GET "/" for 127.0.0.1 at 2015-05-21 23:22:00 +0200
Processing by StaticPagesController#home as HTML
  Rendered static_pages/home.html.erb within layouts/application (2.2ms)
  Rendered layouts/_shim.html.erb (0.1ms)
  Rendered layouts/_header.html.erb (0.4ms)
  Rendered layouts/_footer.html.erb (0.2ms)
Completed 200 OK in 104ms (Views: 103.7ms | ActiveRecord: 0.0ms)


Started GET "/users/1" for 127.0.0.1 at 2015-05-21 23:22:05 +0200
Processing by UsersController#show as HTML
  Parameters: {"id"=>"1"}
  [1m[36mUser Load (0.2ms)[0m  [1mSELECT  "users".* FROM "users" WHERE "users"."id" = ? LIMIT 1[0m  [["id", 1]]
  Rendered users/show.html.erb within layouts/application (0.3ms)
  Rendered layouts/_shim.html.erb (0.2ms)
  Rendered layouts/_header.html.erb (1.6ms)
  Rendered layouts/_footer.html.erb (0.9ms)
Completed 200 OK in 83519ms (Views: 285.9ms | ActiveRecord: 67.1ms)


Started GET "/" for 127.0.0.1 at 2015-05-21 23:39:06 +0200
Processing by StaticPagesController#home as HTML
  Rendered static_pages/home.html.erb within layouts/application (26.0ms)
  Rendered layouts/_shim.html.erb (0.3ms)
  Rendered layouts/_header.html.erb (2.1ms)
  Rendered layouts/_footer.html.erb (1.3ms)
Completed 200 OK in 597ms (Views: 594.1ms | ActiveRecord: 0.0ms)


Started GET "/users/1" for 127.0.0.1 at 2015-05-21 23:39:09 +0200
Processing by UsersController#show as HTML
  Parameters: {"id"=>"1"}
  [1m[35mUser Load (0.5ms)[0m  SELECT  "users".* FROM "users" WHERE "users"."id" = ? LIMIT 1  [["id", 1]]
  Rendered users/show.html.erb within layouts/application (2.2ms)
  Rendered layouts/_shim.html.erb (0.3ms)
  Rendered layouts/_header.html.erb (2.2ms)
  Rendered layouts/_footer.html.erb (1.2ms)
Completed 200 OK in 516ms (Views: 453.6ms | ActiveRecord: 2.1ms)


Started GET "/" for 127.0.0.1 at 2015-05-22 00:01:07 +0200
Processing by StaticPagesController#home as HTML
  Rendered static_pages/home.html.erb within layouts/application (59.2ms)
  Rendered layouts/_shim.html.erb (0.3ms)
  Rendered layouts/_header.html.erb (2.2ms)
  Rendered layouts/_footer.html.erb (1.3ms)
Completed 200 OK in 15180ms (Views: 15177.3ms | ActiveRecord: 0.0ms)


Started GET "/assets/custom.self-8dcc53c773bc1ebaa7b1eba78f61249c13af6015dc8503e1f314ad0920034cc5.css?body=1" for 127.0.0.1 at 2015-05-22 00:01:23 +0200


Started GET "/users/1" for 127.0.0.1 at 2015-05-22 00:01:29 +0200
Processing by UsersController#show as HTML
  Parameters: {"id"=>"1"}
  [1m[36mUser Load (23.3ms)[0m  [1mSELECT  "users".* FROM "users" WHERE "users"."id" = ? LIMIT 1[0m  [["id", 1]]
  Rendered users/show.html.erb within layouts/application (2.3ms)
  Rendered layouts/_shim.html.erb (0.3ms)
  Rendered layouts/_header.html.erb (2.1ms)
  Rendered layouts/_footer.html.erb (1.5ms)
Completed 200 OK in 394ms (Views: 365.4ms | ActiveRecord: 23.3ms)
  [1m[36m (218.6ms)[0m  [1mCREATE TABLE "schema_migrations" ("version" varchar NOT NULL) [0m
  [1m[35m (0.2ms)[0m  select sqlite_version(*)
  [1m[36m (165.4ms)[0m  [1mCREATE UNIQUE INDEX "unique_schema_migrations" ON "schema_migrations" ("version")[0m
  [1m[35mActiveRecord::SchemaMigration Load (0.2ms)[0m  SELECT "schema_migrations".* FROM "schema_migrations"
Migrating to CreateUsers (20150520084154)
  [1m[36m (0.1ms)[0m  [1mbegin transaction[0m
  [1m[35m (0.6ms)[0m  CREATE TABLE "users" ("id" INTEGER PRIMARY KEY AUTOINCREMENT NOT NULL, "name" varchar, "email" varchar, "created_at" datetime NOT NULL, "updated_at" datetime NOT NULL) 
  [1m[36mSQL (0.3ms)[0m  [1mINSERT INTO "schema_migrations" ("version") VALUES (?)[0m  [["version", "20150520084154"]]
  [1m[35m (104.3ms)[0m  commit transaction
Migrating to AddIndexToUsersEmail (20150520134142)
  [1m[36m (0.1ms)[0m  [1mbegin transaction[0m
  [1m[35m (0.4ms)[0m  CREATE UNIQUE INDEX "index_users_on_email" ON "users" ("email")
  [1m[36mSQL (0.2ms)[0m  [1mINSERT INTO "schema_migrations" ("version") VALUES (?)[0m  [["version", "20150520134142"]]
  [1m[35m (96.3ms)[0m  commit transaction
Migrating to AddPasswordDigestToUsers (20150521054814)
  [1m[36m (0.1ms)[0m  [1mbegin transaction[0m
  [1m[35m (0.4ms)[0m  ALTER TABLE "users" ADD "password_digest" varchar
  [1m[36mSQL (0.2ms)[0m  [1mINSERT INTO "schema_migrations" ("version") VALUES (?)[0m  [["version", "20150521054814"]]
  [1m[35m (97.3ms)[0m  commit transaction
  [1m[36mActiveRecord::SchemaMigration Load (0.1ms)[0m  [1mSELECT "schema_migrations".* FROM "schema_migrations"[0m
  [1m[35m (15.4ms)[0m              SELECT sql
            FROM sqlite_master
            WHERE name='index_users_on_email' AND type='index'
            UNION ALL
            SELECT sql
            FROM sqlite_temp_master
            WHERE name='index_users_on_email' AND type='index'



Started GET "/" for 127.0.0.1 at 2015-05-22 00:10:31 +0200
  [1m[36mActiveRecord::SchemaMigration Load (0.1ms)[0m  [1mSELECT "schema_migrations".* FROM "schema_migrations"[0m
Processing by StaticPagesController#home as HTML
  Rendered static_pages/home.html.erb within layouts/application (178.7ms)
  Rendered layouts/_shim.html.erb (0.5ms)
  Rendered layouts/_header.html.erb (0.9ms)
  Rendered layouts/_footer.html.erb (0.7ms)
Completed 200 OK in 645ms (Views: 622.2ms | ActiveRecord: 0.0ms)


Started GET "/users/1" for 127.0.0.1 at 2015-05-22 00:10:37 +0200
Processing by UsersController#show as HTML
  Parameters: {"id"=>"1"}
  [1m[35mUser Load (0.2ms)[0m  SELECT  "users".* FROM "users" WHERE "users"."id" = ? LIMIT 1  [["id", 1]]
Completed 404 Not Found in 164ms

ActiveRecord::RecordNotFound (Couldn't find User with 'id'=1):
  app/controllers/users_controller.rb:3:in `show'


  Rendered vendor/bundle/gems/web-console-2.0.0.beta3/lib/action_dispatch/templates/rescues/_source.erb (8.2ms)
  Rendered vendor/bundle/gems/web-console-2.0.0.beta3/lib/action_dispatch/templates/rescues/_trace.html.erb (3.7ms)
  Rendered vendor/bundle/gems/web-console-2.0.0.beta3/lib/action_dispatch/templates/rescues/_request_and_response.html.erb (1.5ms)
  Rendered vendor/bundle/gems/web-console-2.0.0.beta3/lib/action_dispatch/templates/rescues/_web_console.html.erb (1.2ms)
  Rendered vendor/bundle/gems/web-console-2.0.0.beta3/lib/action_dispatch/templates/rescues/diagnostics.html.erb within rescues/layout (42.0ms)


Started GET "/" for 127.0.0.1 at 2015-05-25 21:22:15 +0200
  [1m[36mActiveRecord::SchemaMigration Load (0.2ms)[0m  [1mSELECT "schema_migrations".* FROM "schema_migrations"[0m
Processing by StaticPagesController#home as HTML
  Rendered static_pages/home.html.erb within layouts/application (172.7ms)
  Rendered layouts/_shim.html.erb (0.4ms)
  Rendered layouts/_header.html.erb (0.9ms)
  Rendered layouts/_footer.html.erb (0.7ms)
Completed 200 OK in 4796ms (Views: 4774.1ms | ActiveRecord: 0.0ms)


Started GET "/" for 127.0.0.1 at 2015-05-25 21:22:21 +0200
Processing by StaticPagesController#home as HTML
  Rendered static_pages/home.html.erb within layouts/application (2.2ms)
  Rendered layouts/_shim.html.erb (0.1ms)
  Rendered layouts/_header.html.erb (1.0ms)
  Rendered layouts/_footer.html.erb (0.2ms)
Completed 200 OK in 112ms (Views: 111.2ms | ActiveRecord: 0.0ms)


Started GET "/assets/custom.self-ebceef9eeece3ac56790d5e774f421a9daca10b007ec10f7414b3edb4fcc9fbf.css?body=1" for 127.0.0.1 at 2015-05-25 21:22:21 +0200


Started GET "/assets/static_pages.self-e3b0c44298fc1c149afbf4c8996fb92427ae41e4649b934ca495991b7852b855.css?body=1" for 127.0.0.1 at 2015-05-25 21:22:21 +0200


Started GET "/assets/users.self-e3b0c44298fc1c149afbf4c8996fb92427ae41e4649b934ca495991b7852b855.css?body=1" for 127.0.0.1 at 2015-05-25 21:22:21 +0200


Started GET "/assets/jquery.self-d03a5518f45df77341bdbe6201ba3bfa547ebba8ed64f0ea56bfa5f96ea7c074.js?body=1" for 127.0.0.1 at 2015-05-25 21:22:21 +0200


Started GET "/assets/jquery_ujs.self-8e98a7a072a6cee1372d19fff9ff3e6aa1e39a37d89d6f06861637d061113ee7.js?body=1" for 127.0.0.1 at 2015-05-25 21:22:21 +0200


Started GET "/assets/application.self-e80e8f2318043e8af94dddc2adad5a4f09739a8ebb323b3ab31cd71d45fd9113.css?body=1" for 127.0.0.1 at 2015-05-25 21:22:21 +0200


Started GET "/assets/turbolinks.self-680e388bf7f759d85e2dbe0044d33f55e12b26da721317111c01ec92e53df55e.js?body=1" for 127.0.0.1 at 2015-05-25 21:22:21 +0200


Started GET "/assets/static_pages.self-877aef30ae1b040ab8a3aba4e3e309a11d7f2612f44dde450b5c157aa5f95c05.js?body=1" for 127.0.0.1 at 2015-05-25 21:22:21 +0200


Started GET "/assets/users.self-877aef30ae1b040ab8a3aba4e3e309a11d7f2612f44dde450b5c157aa5f95c05.js?body=1" for 127.0.0.1 at 2015-05-25 21:22:21 +0200


Started GET "/assets/application.self-3a3c8b61bda630ee689740ce7cbd0dd8ea6fdd45e2c42eef4661ab38cf268afe.js?body=1" for 127.0.0.1 at 2015-05-25 21:22:21 +0200


Started GET "/assets/rails-c094bc3a4bf50e5bb477109e5cb0d213af27ad75b481c4df249f50974dbeefe6.png" for 127.0.0.1 at 2015-05-25 21:22:21 +0200


Started GET "/" for 127.0.0.1 at 2015-05-26 00:29:16 +0200
  [1m[36mActiveRecord::SchemaMigration Load (0.2ms)[0m  [1mSELECT "schema_migrations".* FROM "schema_migrations"[0m
Processing by StaticPagesController#home as HTML
  Rendered static_pages/home.html.erb within layouts/application (222.0ms)
  Rendered layouts/_shim.html.erb (0.4ms)
  Rendered layouts/_header.html.erb (1.1ms)
  Rendered layouts/_footer.html.erb (0.7ms)
Completed 200 OK in 3077ms (Views: 3065.7ms | ActiveRecord: 0.0ms)


Started GET "/" for 127.0.0.1 at 2015-05-26 00:29:20 +0200
Processing by StaticPagesController#home as HTML
  Rendered static_pages/home.html.erb within layouts/application (2.4ms)
  Rendered layouts/_shim.html.erb (0.1ms)
  Rendered layouts/_header.html.erb (0.5ms)
  Rendered layouts/_footer.html.erb (0.2ms)
Completed 200 OK in 96ms (Views: 95.8ms | ActiveRecord: 0.0ms)


Started GET "/assets/static_pages.self-e3b0c44298fc1c149afbf4c8996fb92427ae41e4649b934ca495991b7852b855.css?body=1" for 127.0.0.1 at 2015-05-26 00:29:21 +0200


Started GET "/assets/custom.self-a613cf826e06efcf17e34cec7717ec3af65778b595c0814a917f1ac2d100881d.css?body=1" for 127.0.0.1 at 2015-05-26 00:29:21 +0200


Started GET "/assets/turbolinks.self-680e388bf7f759d85e2dbe0044d33f55e12b26da721317111c01ec92e53df55e.js?body=1" for 127.0.0.1 at 2015-05-26 00:29:21 +0200


Started GET "/assets/users.self-e3b0c44298fc1c149afbf4c8996fb92427ae41e4649b934ca495991b7852b855.css?body=1" for 127.0.0.1 at 2015-05-26 00:29:21 +0200


Started GET "/assets/jquery.self-d03a5518f45df77341bdbe6201ba3bfa547ebba8ed64f0ea56bfa5f96ea7c074.js?body=1" for 127.0.0.1 at 2015-05-26 00:29:21 +0200


Started GET "/assets/jquery_ujs.self-8e98a7a072a6cee1372d19fff9ff3e6aa1e39a37d89d6f06861637d061113ee7.js?body=1" for 127.0.0.1 at 2015-05-26 00:29:21 +0200


Started GET "/assets/application.self-e80e8f2318043e8af94dddc2adad5a4f09739a8ebb323b3ab31cd71d45fd9113.css?body=1" for 127.0.0.1 at 2015-05-26 00:29:21 +0200


Started GET "/assets/static_pages.self-877aef30ae1b040ab8a3aba4e3e309a11d7f2612f44dde450b5c157aa5f95c05.js?body=1" for 127.0.0.1 at 2015-05-26 00:29:21 +0200


Started GET "/assets/users.self-877aef30ae1b040ab8a3aba4e3e309a11d7f2612f44dde450b5c157aa5f95c05.js?body=1" for 127.0.0.1 at 2015-05-26 00:29:21 +0200


Started GET "/assets/application.self-3a3c8b61bda630ee689740ce7cbd0dd8ea6fdd45e2c42eef4661ab38cf268afe.js?body=1" for 127.0.0.1 at 2015-05-26 00:29:21 +0200


Started GET "/assets/rails-c094bc3a4bf50e5bb477109e5cb0d213af27ad75b481c4df249f50974dbeefe6.png" for 127.0.0.1 at 2015-05-26 00:29:21 +0200
  [1m[36m (102.5ms)[0m  [1mCREATE TABLE "schema_migrations" ("version" varchar NOT NULL) [0m
  [1m[35m (0.1ms)[0m  select sqlite_version(*)
  [1m[36m (105.0ms)[0m  [1mCREATE UNIQUE INDEX "unique_schema_migrations" ON "schema_migrations" ("version")[0m
  [1m[35mActiveRecord::SchemaMigration Load (0.1ms)[0m  SELECT "schema_migrations".* FROM "schema_migrations"
Migrating to CreateUsers (20150520084154)
  [1m[36m (0.1ms)[0m  [1mbegin transaction[0m
  [1m[35m (0.4ms)[0m  CREATE TABLE "users" ("id" INTEGER PRIMARY KEY AUTOINCREMENT NOT NULL, "name" varchar, "email" varchar, "created_at" datetime NOT NULL, "updated_at" datetime NOT NULL) 
  [1m[36mSQL (0.2ms)[0m  [1mINSERT INTO "schema_migrations" ("version") VALUES (?)[0m  [["version", "20150520084154"]]
  [1m[35m (141.7ms)[0m  commit transaction
Migrating to AddIndexToUsersEmail (20150520134142)
  [1m[36m (0.1ms)[0m  [1mbegin transaction[0m
  [1m[35m (0.3ms)[0m  CREATE UNIQUE INDEX "index_users_on_email" ON "users" ("email")
  [1m[36mSQL (0.1ms)[0m  [1mINSERT INTO "schema_migrations" ("version") VALUES (?)[0m  [["version", "20150520134142"]]
  [1m[35m (142.1ms)[0m  commit transaction
Migrating to AddPasswordDigestToUsers (20150521054814)
  [1m[36m (0.1ms)[0m  [1mbegin transaction[0m
  [1m[35m (0.4ms)[0m  ALTER TABLE "users" ADD "password_digest" varchar
  [1m[36mSQL (0.1ms)[0m  [1mINSERT INTO "schema_migrations" ("version") VALUES (?)[0m  [["version", "20150521054814"]]
  [1m[35m (113.6ms)[0m  commit transaction
  [1m[36mActiveRecord::SchemaMigration Load (0.1ms)[0m  [1mSELECT "schema_migrations".* FROM "schema_migrations"[0m
  [1m[35m (0.2ms)[0m              SELECT sql
            FROM sqlite_master
            WHERE name='index_users_on_email' AND type='index'
            UNION ALL
            SELECT sql
            FROM sqlite_temp_master
            WHERE name='index_users_on_email' AND type='index'



Started GET "/" for 127.0.0.1 at 2015-05-26 13:27:57 +0200
  [1m[36mActiveRecord::SchemaMigration Load (0.2ms)[0m  [1mSELECT "schema_migrations".* FROM "schema_migrations"[0m
Processing by StaticPagesController#home as HTML
  Rendered static_pages/home.html.erb within layouts/application (286.9ms)
  Rendered layouts/_shim.html.erb (0.4ms)
  Rendered layouts/_header.html.erb (0.9ms)
  Rendered layouts/_footer.html.erb (0.8ms)
Completed 200 OK in 1034ms (Views: 1021.4ms | ActiveRecord: 0.0ms)


Started GET "/signup" for 127.0.0.1 at 2015-05-26 13:28:01 +0200
Processing by UsersController#new as HTML
  Rendered users/new.html.erb within layouts/application (0.6ms)
  Rendered layouts/_shim.html.erb (0.4ms)
  Rendered layouts/_header.html.erb (0.9ms)
  Rendered layouts/_footer.html.erb (0.6ms)
Completed 200 OK in 145ms (Views: 98.6ms | ActiveRecord: 0.5ms)


Started GET "/" for 127.0.0.1 at 2015-05-26 13:31:52 +0200
Processing by StaticPagesController#home as HTML
  Rendered static_pages/home.html.erb within layouts/application (2.2ms)
  Rendered layouts/_shim.html.erb (0.1ms)
  Rendered layouts/_header.html.erb (0.4ms)
  Rendered layouts/_footer.html.erb (0.3ms)
Completed 200 OK in 2827ms (Views: 2826.2ms | ActiveRecord: 0.0ms)


Started GET "/assets/custom.self-e7090c6c59dd28d36c17f5c8d8104de309a722f4e79d1cf4bd3cb25d81fde570.css?body=1" for 127.0.0.1 at 2015-05-26 13:31:55 +0200


Started GET "/signup" for 127.0.0.1 at 2015-05-26 13:31:56 +0200
Processing by UsersController#new as HTML
  Rendered users/new.html.erb within layouts/application (108.0ms)
  Rendered layouts/_shim.html.erb (0.1ms)
  Rendered layouts/_header.html.erb (0.4ms)
  Rendered layouts/_footer.html.erb (0.2ms)
Completed 200 OK in 205ms (Views: 204.0ms | ActiveRecord: 0.0ms)


Started POST "/users" for 127.0.0.1 at 2015-05-26 13:32:14 +0200

AbstractController::ActionNotFound (The action 'create' could not be found for UsersController):
  actionpack (4.2.0) lib/abstract_controller/base.rb:132:in `process'
  actionview (4.2.0) lib/action_view/rendering.rb:30:in `process'
  actionpack (4.2.0) lib/action_controller/metal.rb:195:in `dispatch'
  actionpack (4.2.0) lib/action_controller/metal/rack_delegation.rb:13:in `dispatch'
  actionpack (4.2.0) lib/action_controller/metal.rb:236:in `block in action'
  actionpack (4.2.0) lib/action_dispatch/routing/route_set.rb:73:in `call'
  actionpack (4.2.0) lib/action_dispatch/routing/route_set.rb:73:in `dispatch'
  actionpack (4.2.0) lib/action_dispatch/routing/route_set.rb:42:in `serve'
  actionpack (4.2.0) lib/action_dispatch/journey/router.rb:43:in `block in serve'
  actionpack (4.2.0) lib/action_dispatch/journey/router.rb:30:in `each'
  actionpack (4.2.0) lib/action_dispatch/journey/router.rb:30:in `serve'
  actionpack (4.2.0) lib/action_dispatch/routing/route_set.rb:802:in `call'
  rack (1.6.1) lib/rack/etag.rb:24:in `call'
  rack (1.6.1) lib/rack/conditionalget.rb:38:in `call'
  rack (1.6.1) lib/rack/head.rb:13:in `call'
  actionpack (4.2.0) lib/action_dispatch/middleware/params_parser.rb:27:in `call'
  actionpack (4.2.0) lib/action_dispatch/middleware/flash.rb:260:in `call'
  rack (1.6.1) lib/rack/session/abstract/id.rb:225:in `context'
  rack (1.6.1) lib/rack/session/abstract/id.rb:220:in `call'
  actionpack (4.2.0) lib/action_dispatch/middleware/cookies.rb:560:in `call'
  activerecord (4.2.0) lib/active_record/query_cache.rb:36:in `call'
  activerecord (4.2.0) lib/active_record/connection_adapters/abstract/connection_pool.rb:647:in `call'
  activerecord (4.2.0) lib/active_record/migration.rb:378:in `call'
  actionpack (4.2.0) lib/action_dispatch/middleware/callbacks.rb:29:in `block in call'
  activesupport (4.2.0) lib/active_support/callbacks.rb:88:in `call'
  activesupport (4.2.0) lib/active_support/callbacks.rb:88:in `_run_callbacks'
  activesupport (4.2.0) lib/active_support/callbacks.rb:734:in `_run_call_callbacks'
  activesupport (4.2.0) lib/active_support/callbacks.rb:81:in `run_callbacks'
  actionpack (4.2.0) lib/action_dispatch/middleware/callbacks.rb:27:in `call'
  actionpack (4.2.0) lib/action_dispatch/middleware/reloader.rb:73:in `call'
  actionpack (4.2.0) lib/action_dispatch/middleware/remote_ip.rb:78:in `call'
  web-console (2.0.0.beta3) lib/action_dispatch/debug_exceptions.rb:18:in `middleware_call'
  web-console (2.0.0.beta3) lib/action_dispatch/debug_exceptions.rb:13:in `call'
  actionpack (4.2.0) lib/action_dispatch/middleware/show_exceptions.rb:30:in `call'
  railties (4.2.0) lib/rails/rack/logger.rb:38:in `call_app'
  railties (4.2.0) lib/rails/rack/logger.rb:20:in `block in call'
  activesupport (4.2.0) lib/active_support/tagged_logging.rb:68:in `block in tagged'
  activesupport (4.2.0) lib/active_support/tagged_logging.rb:26:in `tagged'
  activesupport (4.2.0) lib/active_support/tagged_logging.rb:68:in `tagged'
  railties (4.2.0) lib/rails/rack/logger.rb:20:in `call'
  actionpack (4.2.0) lib/action_dispatch/middleware/request_id.rb:21:in `call'
  rack (1.6.1) lib/rack/methodoverride.rb:22:in `call'
  rack (1.6.1) lib/rack/runtime.rb:18:in `call'
  activesupport (4.2.0) lib/active_support/cache/strategy/local_cache_middleware.rb:28:in `call'
  rack (1.6.1) lib/rack/lock.rb:17:in `call'
  actionpack (4.2.0) lib/action_dispatch/middleware/static.rb:113:in `call'
  rack (1.6.1) lib/rack/sendfile.rb:113:in `call'
  railties (4.2.0) lib/rails/engine.rb:518:in `call'
  railties (4.2.0) lib/rails/application.rb:164:in `call'
  rack (1.6.1) lib/rack/lock.rb:17:in `call'
  rack (1.6.1) lib/rack/content_length.rb:15:in `call'
  rack (1.6.1) lib/rack/handler/webrick.rb:89:in `service'
  /home/kuba/.rvm/rubies/ruby-2.2.1/lib/ruby/2.2.0/webrick/httpserver.rb:138:in `service'
  /home/kuba/.rvm/rubies/ruby-2.2.1/lib/ruby/2.2.0/webrick/httpserver.rb:94:in `run'
  /home/kuba/.rvm/rubies/ruby-2.2.1/lib/ruby/2.2.0/webrick/server.rb:294:in `block in start_thread'


  Rendered /home/kuba/.rvm/gems/ruby-2.2.1/gems/web-console-2.0.0.beta3/lib/action_dispatch/templates/rescues/unknown_action.html.erb within rescues/layout (0.7ms)


Started GET "/" for 127.0.0.1 at 2015-05-28 10:33:08 +0200
  [1m[36mActiveRecord::SchemaMigration Load (0.2ms)[0m  [1mSELECT "schema_migrations".* FROM "schema_migrations"[0m
Processing by StaticPagesController#home as HTML
  Rendered static_pages/home.html.erb within layouts/application (287.3ms)
  Rendered layouts/_shim.html.erb (0.8ms)
  Rendered layouts/_header.html.erb (1.1ms)
  Rendered layouts/_footer.html.erb (1.0ms)
Completed 200 OK in 990ms (Views: 976.5ms | ActiveRecord: 0.0ms)


Started GET "/" for 127.0.0.1 at 2015-05-28 10:33:10 +0200
Processing by StaticPagesController#home as HTML
  Rendered static_pages/home.html.erb within layouts/application (3.0ms)
  Rendered layouts/_shim.html.erb (0.1ms)
  Rendered layouts/_header.html.erb (0.3ms)
  Rendered layouts/_footer.html.erb (0.2ms)
Completed 200 OK in 91ms (Views: 90.7ms | ActiveRecord: 0.0ms)


Started GET "/assets/custom.self-e7090c6c59dd28d36c17f5c8d8104de309a722f4e79d1cf4bd3cb25d81fde570.css?body=1" for 127.0.0.1 at 2015-05-28 10:33:11 +0200


Started GET "/assets/static_pages.self-e3b0c44298fc1c149afbf4c8996fb92427ae41e4649b934ca495991b7852b855.css?body=1" for 127.0.0.1 at 2015-05-28 10:33:11 +0200


Started GET "/assets/users.self-e3b0c44298fc1c149afbf4c8996fb92427ae41e4649b934ca495991b7852b855.css?body=1" for 127.0.0.1 at 2015-05-28 10:33:11 +0200


Started GET "/assets/application.self-e80e8f2318043e8af94dddc2adad5a4f09739a8ebb323b3ab31cd71d45fd9113.css?body=1" for 127.0.0.1 at 2015-05-28 10:33:11 +0200


Started GET "/assets/turbolinks.self-680e388bf7f759d85e2dbe0044d33f55e12b26da721317111c01ec92e53df55e.js?body=1" for 127.0.0.1 at 2015-05-28 10:33:11 +0200


Started GET "/assets/static_pages.self-877aef30ae1b040ab8a3aba4e3e309a11d7f2612f44dde450b5c157aa5f95c05.js?body=1" for 127.0.0.1 at 2015-05-28 10:33:11 +0200


Started GET "/assets/users.self-877aef30ae1b040ab8a3aba4e3e309a11d7f2612f44dde450b5c157aa5f95c05.js?body=1" for 127.0.0.1 at 2015-05-28 10:33:11 +0200


Started GET "/assets/application.self-3a3c8b61bda630ee689740ce7cbd0dd8ea6fdd45e2c42eef4661ab38cf268afe.js?body=1" for 127.0.0.1 at 2015-05-28 10:33:11 +0200


Started GET "/assets/rails-c094bc3a4bf50e5bb477109e5cb0d213af27ad75b481c4df249f50974dbeefe6.png" for 127.0.0.1 at 2015-05-28 10:33:11 +0200


Started GET "/signup" for 127.0.0.1 at 2015-05-28 10:33:13 +0200
Processing by UsersController#new as HTML
  Rendered users/new.html.erb within layouts/application (76.4ms)
  Rendered layouts/_shim.html.erb (0.4ms)
  Rendered layouts/_header.html.erb (0.8ms)
  Rendered layouts/_footer.html.erb (0.6ms)
Completed 200 OK in 184ms (Views: 159.2ms | ActiveRecord: 0.5ms)


Started GET "/" for 127.0.0.1 at 2015-05-28 13:27:46 +0200
Processing by StaticPagesController#home as HTML
  Rendered static_pages/home.html.erb within layouts/application (50.0ms)
  Rendered layouts/_shim.html.erb (0.1ms)
  Rendered layouts/_header.html.erb (0.3ms)
  Rendered layouts/_footer.html.erb (0.4ms)
Completed 200 OK in 1119ms (Views: 1117.5ms | ActiveRecord: 0.0ms)


Started GET "/" for 127.0.0.1 at 2015-05-28 13:27:49 +0200
Processing by StaticPagesController#home as HTML
  Rendered static_pages/home.html.erb within layouts/application (1.9ms)
  Rendered layouts/_shim.html.erb (0.1ms)
  Rendered layouts/_header.html.erb (0.3ms)
  Rendered layouts/_footer.html.erb (0.2ms)
Completed 200 OK in 83ms (Views: 82.1ms | ActiveRecord: 0.0ms)


Started GET "/signup" for 127.0.0.1 at 2015-05-28 13:27:51 +0200
Processing by UsersController#new as HTML
  Rendered users/new.html.erb within layouts/application (2.8ms)
  Rendered layouts/_shim.html.erb (0.1ms)
  Rendered layouts/_header.html.erb (0.3ms)
  Rendered layouts/_footer.html.erb (0.2ms)
Completed 200 OK in 150ms (Views: 114.1ms | ActiveRecord: 19.8ms)


Started POST "/users" for 127.0.0.1 at 2015-05-28 13:27:54 +0200
Processing by UsersController#create as HTML
  Parameters: {"utf8"=>"✓", "authenticity_token"=>"aV0iMFBdsPtbUKMc+EvRZqVUJ29OA6yQmTqNVgLrJok5Nlz+ap0dh9O6uGDWv2gbU9VtxJYDPv3o1kf/Ot8DOg==", "user"=>{"name"=>"", "email"=>"", "password"=>"[FILTERED]", "password_confirmation"=>"[FILTERED]"}, "commit"=>"Create my account"}
  [1m[35m (0.1ms)[0m  begin transaction
  [1m[36mUser Exists (0.2ms)[0m  [1mSELECT  1 AS one FROM "users" WHERE LOWER("users"."email") = LOWER('') LIMIT 1[0m
  [1m[35m (0.1ms)[0m  rollback transaction
  Rendered users/new.html.erb within layouts/application (3.5ms)
  Rendered layouts/_shim.html.erb (0.1ms)
  Rendered layouts/_header.html.erb (0.3ms)
  Rendered layouts/_footer.html.erb (0.2ms)
Completed 200 OK in 788ms (Views: 372.3ms | ActiveRecord: 0.4ms)


Started POST "/users" for 127.0.0.1 at 2015-05-28 13:28:13 +0200
Processing by UsersController#create as HTML
  Parameters: {"utf8"=>"✓", "authenticity_token"=>"8Qwbja4Pg3BySmH4n+URxCiWFCDaX8Z7QV4Hzhn48pihZ2VDlM8uDPqgeoSxEai53hdeiwJfVBYwss1nIczXKw==", "user"=>{"name"=>"kuba", "email"=>"j@g.c", "password"=>"[FILTERED]", "password_confirmation"=>"[FILTERED]"}, "commit"=>"Create my account"}
  [1m[36m (0.1ms)[0m  [1mbegin transaction[0m
  [1m[35mUser Exists (0.2ms)[0m  SELECT  1 AS one FROM "users" WHERE LOWER("users"."email") = LOWER('j@g.c') LIMIT 1
  [1m[36m (0.1ms)[0m  [1mrollback transaction[0m
  Rendered users/new.html.erb within layouts/application (2.5ms)
  Rendered layouts/_shim.html.erb (0.1ms)
  Rendered layouts/_header.html.erb (0.4ms)
  Rendered layouts/_footer.html.erb (0.2ms)
Completed 200 OK in 278ms (Views: 156.4ms | ActiveRecord: 0.4ms)
  [1m[36mUser Load (0.2ms)[0m  [1mSELECT  "users".* FROM "users"  ORDER BY "users"."id" DESC LIMIT 1[0m
  [1m[35mUser Load (0.2ms)[0m  SELECT  "users".* FROM "users"  ORDER BY "users"."id" DESC LIMIT 1
  [1m[36mUser Load (0.2ms)[0m  [1mSELECT  "users".* FROM "users"  ORDER BY "users"."id" DESC LIMIT 1[0m


Started GET "/" for 127.0.0.1 at 2015-05-28 15:50:55 +0200
  [1m[36mActiveRecord::SchemaMigration Load (0.2ms)[0m  [1mSELECT "schema_migrations".* FROM "schema_migrations"[0m
Processing by StaticPagesController#home as HTML
  Rendered static_pages/home.html.erb within layouts/application (231.6ms)
  Rendered layouts/_shim.html.erb (0.5ms)
  Rendered layouts/_header.html.erb (1.0ms)
  Rendered layouts/_footer.html.erb (0.7ms)
Completed 200 OK in 3240ms (Views: 3226.7ms | ActiveRecord: 0.0ms)


Started GET "/" for 127.0.0.1 at 2015-05-28 15:50:59 +0200
Processing by StaticPagesController#home as HTML
  Rendered static_pages/home.html.erb within layouts/application (2.0ms)
  Rendered layouts/_shim.html.erb (0.1ms)
  Rendered layouts/_header.html.erb (0.3ms)
  Rendered layouts/_footer.html.erb (0.2ms)
Completed 200 OK in 84ms (Views: 83.6ms | ActiveRecord: 0.0ms)


Started GET "/assets/custom.self-516e86472aca0d3829dcbd2569ec9e0a086b744c4d44d08c5028d40ae196d92d.css?body=1" for 127.0.0.1 at 2015-05-28 15:50:59 +0200


Started GET "/signup" for 127.0.0.1 at 2015-05-28 15:51:01 +0200
Processing by UsersController#new as HTML
  Rendered shared/_error_messages.html.erb (15.1ms)
  Rendered users/new.html.erb within layouts/application (83.3ms)
  Rendered layouts/_shim.html.erb (0.4ms)
  Rendered layouts/_header.html.erb (0.9ms)
  Rendered layouts/_footer.html.erb (0.6ms)
Completed 200 OK in 190ms (Views: 169.1ms | ActiveRecord: 0.4ms)


Started POST "/users" for 127.0.0.1 at 2015-05-28 15:51:18 +0200
Processing by UsersController#create as HTML
  Parameters: {"utf8"=>"✓", "authenticity_token"=>"ppbNIez7ZW1SsdAacI4CaI96vpM5gQphVtuwlK2pJFL2/bPv1jvIEdpby2ZeersVefv0OOGBmAwnN3o9lZ0B4Q==", "user"=>{"name"=>"kuba", "email"=>"fef@dfe.fe", "password"=>"[FILTERED]", "password_confirmation"=>"[FILTERED]"}, "commit"=>"Create my account"}
  [1m[35m (0.1ms)[0m  begin transaction
  [1m[36mUser Exists (16.4ms)[0m  [1mSELECT  1 AS one FROM "users" WHERE LOWER("users"."email") = LOWER('fef@dfe.fe') LIMIT 1[0m
  [1m[35m (0.1ms)[0m  rollback transaction
  Rendered shared/_error_messages.html.erb (3.3ms)
  Rendered users/new.html.erb within layouts/application (8.6ms)
  Rendered layouts/_shim.html.erb (0.1ms)
  Rendered layouts/_header.html.erb (0.4ms)
  Rendered layouts/_footer.html.erb (0.2ms)
Completed 200 OK in 295ms (Views: 99.6ms | ActiveRecord: 16.6ms)
  [1m[35mUser Load (0.3ms)[0m  SELECT  "users".* FROM "users"  ORDER BY "users"."id" DESC LIMIT 1
  [1m[36m (25.9ms)[0m  [1mSELECT COUNT(*) FROM "users"[0m


Started GET "/" for 127.0.0.1 at 2015-05-28 23:18:01 +0200
  [1m[36mActiveRecord::SchemaMigration Load (0.2ms)[0m  [1mSELECT "schema_migrations".* FROM "schema_migrations"[0m
Processing by StaticPagesController#home as HTML
  Rendered static_pages/home.html.erb within layouts/application (309.7ms)
  Rendered layouts/_shim.html.erb (0.4ms)
  Rendered layouts/_header.html.erb (1.0ms)
  Rendered layouts/_footer.html.erb (0.7ms)
Completed 200 OK in 1289ms (Views: 1263.7ms | ActiveRecord: 0.0ms)


Started GET "/" for 127.0.0.1 at 2015-05-28 23:18:03 +0200
Processing by StaticPagesController#home as HTML
  Rendered static_pages/home.html.erb within layouts/application (1.9ms)
  Rendered layouts/_shim.html.erb (0.0ms)
  Rendered layouts/_header.html.erb (0.3ms)
  Rendered layouts/_footer.html.erb (0.2ms)
Completed 200 OK in 82ms (Views: 81.9ms | ActiveRecord: 0.0ms)


Started GET "/assets/custom.self-516e86472aca0d3829dcbd2569ec9e0a086b744c4d44d08c5028d40ae196d92d.css?body=1" for 127.0.0.1 at 2015-05-28 23:18:03 +0200


Started GET "/signup" for 127.0.0.1 at 2015-05-28 23:18:05 +0200
Processing by UsersController#new as HTML
  Rendered shared/_error_messages.html.erb (16.0ms)
  Rendered users/new.html.erb within layouts/application (73.8ms)
  Rendered layouts/_shim.html.erb (0.4ms)
  Rendered layouts/_header.html.erb (0.9ms)
  Rendered layouts/_footer.html.erb (0.6ms)
Completed 200 OK in 207ms (Views: 187.3ms | ActiveRecord: 0.5ms)


Started POST "/users" for 127.0.0.1 at 2015-05-28 23:18:24 +0200
Processing by UsersController#create as HTML
  Parameters: {"utf8"=>"✓", "authenticity_token"=>"rgYX6qbs4Yz0ZG2HwyT8R1IHs/tcSEySm801HXmvy3aKd8LX0dSj5KQrjRTxD5v0zYm4x6NHgB+4Zh3dd5WPmg==", "user"=>{"name"=>"aa", "email"=>"j@c.c", "password"=>"[FILTERED]", "password_confirmation"=>"[FILTERED]"}, "commit"=>"Create my account"}
  [1m[35m (0.1ms)[0m  begin transaction
  [1m[36mUser Exists (0.2ms)[0m  [1mSELECT  1 AS one FROM "users" WHERE LOWER("users"."email") = LOWER('j@c.c') LIMIT 1[0m
  [1m[35mSQL (17.5ms)[0m  INSERT INTO "users" ("name", "email", "password_digest", "created_at", "updated_at") VALUES (?, ?, ?, ?, ?)  [["name", "aa"], ["email", "j@c.c"], ["password_digest", "$2a$10$LzCdL0gR9wBfq/y.l/ZuueHAN1LPUJyRlUlhHBbXCyhnF02tabKzm"], ["created_at", "2015-05-28 21:18:24.635447"], ["updated_at", "2015-05-28 21:18:24.635447"]]
  [1m[36m (220.4ms)[0m  [1mcommit transaction[0m
Redirected to http://localhost:3000/users/1
Completed 302 Found in 621ms (ActiveRecord: 238.2ms)


Started GET "/users/1" for 127.0.0.1 at 2015-05-28 23:18:24 +0200
Processing by UsersController#show as HTML
  Parameters: {"id"=>"1"}
  [1m[35mUser Load (0.2ms)[0m  SELECT  "users".* FROM "users" WHERE "users"."id" = ? LIMIT 1  [["id", 1]]
  Rendered users/show.html.erb within layouts/application (0.8ms)
  Rendered layouts/_shim.html.erb (0.1ms)
  Rendered layouts/_header.html.erb (0.4ms)
  Rendered layouts/_footer.html.erb (0.2ms)
Completed 200 OK in 132ms (Views: 89.6ms | ActiveRecord: 0.2ms)
